<?xml version="1.0" encoding="UTF-8"?>
<testsuite xmlns:xsi="http://www.w3.org/2001/XMLSchema-instance" xsi:noNamespaceSchemaLocation="https://maven.apache.org/surefire/maven-surefire-plugin/xsd/surefire-test-report.xsd" version="3.0.2" name="com.team9.appointmentservice.AppointmentServiceTest" time="2.14" tests="17" errors="0" skipped="0" failures="0" flakes="0">
  <properties>
[...]
</properties>
  <testcase name="testListAllAppointments" classname="AppointmentService Tests" time="1.815">
    <system-err><![CDATA[Mockito is currently self-attaching to enable the inline-mock-maker. This will no longer work in future releases of the JDK. Please add Mockito as an agent to your build as described in Mockito's documentation: https://javadoc.io/doc/org.mockito/mockito-core/latest/org.mockito/org/mockito/Mockito.html#0.3
WARNING: A Java agent has been loaded dynamically (C:\Users\User\.m2\repository\net\bytebuddy\byte-buddy-agent\1.17.8\byte-buddy-agent-1.17.8.jar)
WARNING: If a serviceability tool is in use, please run with -XX:+EnableDynamicAgentLoading to hide this warning
WARNING: If a serviceability tool is not in use, please run with -Djdk.instrument.traceUsage for more information
WARNING: Dynamic loading of agents will be disallowed by default in a future release
]]></system-err>
  </testcase>
  <testcase name="testDeleteByIdNotFound" classname="AppointmentService Tests" time="0.031"/>
  <testcase name="testGetByIdNotFound" classname="AppointmentService Tests" time="0.009"/>
  <testcase name="testListByUserIdNotFound" classname="AppointmentService Tests" time="0.01"/>
  <testcase name="testDeleteByIdSuccess" classname="AppointmentService Tests" time="0.011"/>
  <testcase name="testGetByIdSuccess" classname="AppointmentService Tests" time="0.013"/>
  <testcase name="testListByUserId" classname="AppointmentService Tests" time="0.009"/>
  <testcase name="testCreateAppointmentBranchNotSupported" classname="AppointmentService Tests" time="0.022"/>
  <testcase name="testListByEmail" classname="AppointmentService Tests" time="0.009"/>
  <testcase name="testCreateAppointmentSlotAlreadyBooked" classname="AppointmentService Tests" time="0.01"/>
  <testcase name="testConfirmationNumberGeneration" classname="AppointmentService Tests" time="0.049"/>
  <testcase name="testCreateAppointmentTrimsWhitespace" classname="AppointmentService Tests" time="0.009"/>
  <testcase name="contextLoads" classname="AppointmentService Tests" time="0.004"/>
  <testcase name="testListAllAppointmentsEmpty" classname="AppointmentService Tests" time="0.007"/>
  <testcase name="testApplicationStartup" classname="AppointmentService Tests" time="0.006"/>
  <testcase name="testCreateAppointmentSuccess" classname="AppointmentService Tests" time="0.011"/>
  <testcase name="testListByEmailNotFound" classname="AppointmentService Tests" time="0.01"/>
</testsuite>